<?xml version="1.0" encoding="UTF-8"?>
<!-- Generated by org.testng.reporters.JUnitXMLReporter -->
<testsuite ignored="0" hostname="DESKTOP-C1US6VV" failures="0" tests="4" name="Test" time="55.683" errors="0" timestamp="2023-09-16T14:39:11 IST">
  <testcase classname="test.ResgisterPageTest" name="setup" time="17.268"/>
  <testcase classname="test.ResgisterPageTest" name="registerUser" time="13.459"/>
  <testcase classname="test.HomePageTest" name="setup" time="16.785"/>
  <testcase classname="test.HomePageTest" name="registerUser" time="8.082"/>
</testsuite> <!-- Test -->
