<?xml version="1.0" encoding="UTF-8"?>
<testng-results ignored="0" total="2" passed="2" failed="0" skipped="0">
  <reporter-output>
  </reporter-output>
  <suite started-at="2023-09-16T15:01:37 IST" name="Default suite" finished-at="2023-09-16T15:01:56 IST" duration-ms="19631">
    <groups>
    </groups>
    <test started-at="2023-09-16T15:01:37 IST" name="Default test" finished-at="2023-09-16T15:01:56 IST" duration-ms="19631">
      <class name="test.ResgisterPageTest">
        <test-method signature="setup()[pri:1, instance:test.ResgisterPageTest@2dc54ad4]" started-at="2023-09-16T15:01:37 IST" name="setup" finished-at="2023-09-16T15:01:51 IST" duration-ms="14160" status="PASS">
          <reporter-output>
          </reporter-output>
        </test-method> <!-- setup -->
        <test-method signature="registerUser()[pri:2, instance:test.ResgisterPageTest@2dc54ad4]" started-at="2023-09-16T15:01:51 IST" name="registerUser" finished-at="2023-09-16T15:01:56 IST" duration-ms="5400" status="PASS">
          <reporter-output>
          </reporter-output>
        </test-method> <!-- registerUser -->
      </class> <!-- test.ResgisterPageTest -->
    </test> <!-- Default test -->
  </suite> <!-- Default suite -->
</testng-results>
